2015-12-07 06:52:50 Error: [Cake\Routing\Exception\MissingControllerException] Controller class Src could not be found.
Exception Attributes: array (
  'class' => 'Src',
  'plugin' => NULL,
  'prefix' => NULL,
  '_ext' => NULL,
)
Request URL: /lab5/src/Controller/ArticlesController.php
Stack Trace:
#0 C:\xampp\htdocs\lab5\webroot\index.php(37): Cake\Routing\Dispatcher->dispatch(Object(Cake\Network\Request), Object(Cake\Network\Response))
#1 {main}


2015-12-07 06:57:36 Error: [Cake\Routing\Exception\MissingControllerException] Controller class Src could not be found.
Exception Attributes: array (
  'class' => 'Src',
  'plugin' => NULL,
  'prefix' => NULL,
  '_ext' => NULL,
)
Request URL: /lab5/src/Model/Table/ArticlesTable.php
Stack Trace:
#0 C:\xampp\htdocs\lab5\webroot\index.php(37): Cake\Routing\Dispatcher->dispatch(Object(Cake\Network\Request), Object(Cake\Network\Response))
#1 {main}


2015-12-07 06:58:48 Error: [Cake\Routing\Exception\MissingControllerException] Controller class Src could not be found.
Exception Attributes: array (
  'class' => 'Src',
  'plugin' => NULL,
  'prefix' => NULL,
  '_ext' => NULL,
)
Request URL: /lab5/src/Model/Table/ArticlesTable.php
Stack Trace:
#0 C:\xampp\htdocs\lab5\webroot\index.php(37): Cake\Routing\Dispatcher->dispatch(Object(Cake\Network\Request), Object(Cake\Network\Response))
#1 {main}


2015-12-07 06:58:51 Error: [Cake\Routing\Exception\MissingControllerException] Controller class Src could not be found.
Exception Attributes: array (
  'class' => 'Src',
  'plugin' => NULL,
  'prefix' => NULL,
  '_ext' => NULL,
)
Request URL: /lab5/src/Model/Table/ArticlesTable.php
Stack Trace:
#0 C:\xampp\htdocs\lab5\webroot\index.php(37): Cake\Routing\Dispatcher->dispatch(Object(Cake\Network\Request), Object(Cake\Network\Response))
#1 {main}


2015-12-07 07:00:53 Error: [Cake\Routing\Exception\MissingControllerException] Controller class Src could not be found.
Exception Attributes: array (
  'class' => 'Src',
  'plugin' => NULL,
  'prefix' => NULL,
  '_ext' => NULL,
)
Request URL: /lab5/src/Model/Table/ArticlesTable.php
Stack Trace:
#0 C:\xampp\htdocs\lab5\webroot\index.php(37): Cake\Routing\Dispatcher->dispatch(Object(Cake\Network\Request), Object(Cake\Network\Response))
#1 {main}


2015-12-07 07:07:38 Error: [Cake\Routing\Exception\MissingControllerException] Controller class Src could not be found.
Exception Attributes: array (
  'class' => 'Src',
  'plugin' => NULL,
  'prefix' => NULL,
  '_ext' => NULL,
)
Request URL: /lab5/src/Model/Table/ArticlesTable.php
Stack Trace:
#0 C:\xampp\htdocs\lab5\webroot\index.php(37): Cake\Routing\Dispatcher->dispatch(Object(Cake\Network\Request), Object(Cake\Network\Response))
#1 {main}


2015-12-07 07:30:01 Error: [Cake\Routing\Exception\MissingControllerException] Controller class Src could not be found.
Exception Attributes: array (
  'class' => 'Src',
  'plugin' => NULL,
  'prefix' => NULL,
  '_ext' => NULL,
)
Request URL: /lab5/src/Model/Table/ArticlesTable.php
Stack Trace:
#0 C:\xampp\htdocs\lab5\webroot\index.php(37): Cake\Routing\Dispatcher->dispatch(Object(Cake\Network\Request), Object(Cake\Network\Response))
#1 {main}


2015-12-07 07:34:35 Error: [Cake\Routing\Exception\MissingControllerException] Controller class Users could not be found.
Exception Attributes: array (
  'class' => 'Users',
  'plugin' => NULL,
  'prefix' => NULL,
  '_ext' => NULL,
)
Request URL: /lab5/users
Stack Trace:
#0 C:\xampp\htdocs\lab5\webroot\index.php(37): Cake\Routing\Dispatcher->dispatch(Object(Cake\Network\Request), Object(Cake\Network\Response))
#1 {main}


2015-12-07 08:59:52 Error: [Cake\Database\Exception] SQLSTATE[42S02]: Base table or view not found: 1146 Table 'myblog.articles' doesn't exist
Request URL: /lab5/articles
Stack Trace:
#0 C:\xampp\htdocs\lab5\vendor\cakephp\cakephp\src\Database\Schema\Collection.php(96): Cake\Database\Schema\Collection->_reflect('Column', 'articles', Array, Object(Cake\Database\Schema\Table))
#1 C:\xampp\htdocs\lab5\vendor\cakephp\cakephp\src\Database\Schema\CachedCollection.php(64): Cake\Database\Schema\Collection->describe('articles', Array)
#2 C:\xampp\htdocs\lab5\vendor\cakephp\cakephp\src\ORM\Table.php(423): Cake\Database\Schema\CachedCollection->describe('articles')
#3 C:\xampp\htdocs\lab5\vendor\cakephp\cakephp\src\ORM\Query.php(164): Cake\ORM\Table->schema()
#4 C:\xampp\htdocs\lab5\vendor\cakephp\cakephp\src\ORM\Query.php(122): Cake\ORM\Query->addDefaultTypes(Object(App\Model\Table\ArticlesTable))
#5 C:\xampp\htdocs\lab5\vendor\cakephp\cakephp\src\ORM\Table.php(1228): Cake\ORM\Query->__construct(Object(Cake\Database\Connection), Object(App\Model\Table\ArticlesTable))
#6 C:\xampp\htdocs\lab5\vendor\cakephp\cakephp\src\ORM\Table.php(931): Cake\ORM\Table->query()
#7 C:\xampp\htdocs\lab5\vendor\cakephp\cakephp\src\Controller\Component\PaginatorComponent.php(166): Cake\ORM\Table->find('all', Array)
#8 C:\xampp\htdocs\lab5\vendor\cakephp\cakephp\src\Controller\Controller.php(688): Cake\Controller\Component\PaginatorComponent->paginate(Object(App\Model\Table\ArticlesTable), Array)
#9 C:\xampp\htdocs\lab5\src\Controller\ArticlesController.php(21): Cake\Controller\Controller->paginate(Object(App\Model\Table\ArticlesTable))
#10 [internal function]: App\Controller\ArticlesController->index()
#11 C:\xampp\htdocs\lab5\vendor\cakephp\cakephp\src\Controller\Controller.php(429): call_user_func_array(Array, Array)
#12 C:\xampp\htdocs\lab5\vendor\cakephp\cakephp\src\Routing\Dispatcher.php(114): Cake\Controller\Controller->invokeAction()
#13 C:\xampp\htdocs\lab5\vendor\cakephp\cakephp\src\Routing\Dispatcher.php(87): Cake\Routing\Dispatcher->_invoke(Object(App\Controller\ArticlesController))
#14 C:\xampp\htdocs\lab5\webroot\index.php(37): Cake\Routing\Dispatcher->dispatch(Object(Cake\Network\Request), Object(Cake\Network\Response))
#15 {main}


2015-12-07 09:02:58 Error: [Cake\Routing\Exception\MissingControllerException] Controller class Createarticles could not be found.
Exception Attributes: array (
  'class' => 'Createarticles',
  'plugin' => NULL,
  'prefix' => NULL,
  '_ext' => NULL,
)
Request URL: /lab5/createarticles
Stack Trace:
#0 C:\xampp\htdocs\lab5\webroot\index.php(37): Cake\Routing\Dispatcher->dispatch(Object(Cake\Network\Request), Object(Cake\Network\Response))
#1 {main}


2015-12-07 09:07:31 Error: [Cake\Routing\Exception\MissingControllerException] Controller class CfreateArticles could not be found.
Exception Attributes: array (
  'class' => 'CfreateArticles',
  'plugin' => NULL,
  'prefix' => NULL,
  '_ext' => NULL,
)
Request URL: /lab5/CfreateArticles
Stack Trace:
#0 C:\xampp\htdocs\lab5\webroot\index.php(37): Cake\Routing\Dispatcher->dispatch(Object(Cake\Network\Request), Object(Cake\Network\Response))
#1 {main}


2015-12-10 09:16:16 Error: [InvalidArgumentException] Articles is not associated with Categories
Request URL: /lab5/articles
Stack Trace:
#0 C:\xampp\htdocs\lab5\vendor\cakephp\cakephp\src\ORM\EagerLoader.php(250): Cake\ORM\EagerLoader->_normalizeContain(Object(App\Model\Table\ArticlesTable), 'Categories', Array, Array)
#1 C:\xampp\htdocs\lab5\vendor\cakephp\cakephp\src\ORM\EagerLoader.php(358): Cake\ORM\EagerLoader->normalized(Object(App\Model\Table\ArticlesTable))
#2 C:\xampp\htdocs\lab5\vendor\cakephp\cakephp\src\ORM\EagerLoader.php(337): Cake\ORM\EagerLoader->attachableAssociations(Object(App\Model\Table\ArticlesTable))
#3 C:\xampp\htdocs\lab5\vendor\cakephp\cakephp\src\ORM\Query.php(872): Cake\ORM\EagerLoader->attachAssociations(Object(Cake\ORM\Query), Object(App\Model\Table\ArticlesTable), true)
#4 C:\xampp\htdocs\lab5\vendor\cakephp\cakephp\src\ORM\Query.php(828): Cake\ORM\Query->_transformQuery()
#5 C:\xampp\htdocs\lab5\vendor\cakephp\cakephp\src\Database\Driver\Mysql.php(121): Cake\ORM\Query->sql()
#6 C:\xampp\htdocs\lab5\vendor\cakephp\cakephp\src\Database\Connection.php(216): Cake\Database\Driver\Mysql->prepare(Object(Cake\ORM\Query))
#7 C:\xampp\htdocs\lab5\vendor\cakephp\cakephp\src\Database\Connection.php(268): Cake\Database\Connection->prepare(Object(Cake\ORM\Query))
#8 C:\xampp\htdocs\lab5\vendor\cakephp\cakephp\src\Database\Query.php(174): Cake\Database\Connection->run(Object(Cake\ORM\Query))
#9 C:\xampp\htdocs\lab5\vendor\cakephp\cakephp\src\ORM\Query.php(847): Cake\Database\Query->execute()
#10 C:\xampp\htdocs\lab5\vendor\cakephp\cakephp\src\Datasource\QueryTrait.php(272): Cake\ORM\Query->_execute()
#11 C:\xampp\htdocs\lab5\vendor\cakephp\cakephp\src\ORM\Query.php(798): Cake\ORM\Query->_all()
#12 C:\xampp\htdocs\lab5\vendor\cakephp\cakephp\src\Controller\Component\PaginatorComponent.php(171): Cake\ORM\Query->all()
#13 C:\xampp\htdocs\lab5\vendor\cakephp\cakephp\src\Controller\Controller.php(688): Cake\Controller\Component\PaginatorComponent->paginate(Object(App\Model\Table\ArticlesTable), Array)
#14 C:\xampp\htdocs\lab5\src\Controller\ArticlesController.php(24): Cake\Controller\Controller->paginate(Object(App\Model\Table\ArticlesTable))
#15 [internal function]: App\Controller\ArticlesController->index()
#16 C:\xampp\htdocs\lab5\vendor\cakephp\cakephp\src\Controller\Controller.php(429): call_user_func_array(Array, Array)
#17 C:\xampp\htdocs\lab5\vendor\cakephp\cakephp\src\Routing\Dispatcher.php(114): Cake\Controller\Controller->invokeAction()
#18 C:\xampp\htdocs\lab5\vendor\cakephp\cakephp\src\Routing\Dispatcher.php(87): Cake\Routing\Dispatcher->_invoke(Object(App\Controller\ArticlesController))
#19 C:\xampp\htdocs\lab5\webroot\index.php(37): Cake\Routing\Dispatcher->dispatch(Object(Cake\Network\Request), Object(Cake\Network\Response))
#20 {main}


2015-12-10 09:18:04 Error: [InvalidArgumentException] Articles is not associated with Categories
Request URL: /lab5/articles
Stack Trace:
#0 C:\xampp\htdocs\lab5\vendor\cakephp\cakephp\src\ORM\EagerLoader.php(250): Cake\ORM\EagerLoader->_normalizeContain(Object(App\Model\Table\ArticlesTable), 'Categories', Array, Array)
#1 C:\xampp\htdocs\lab5\vendor\cakephp\cakephp\src\ORM\EagerLoader.php(358): Cake\ORM\EagerLoader->normalized(Object(App\Model\Table\ArticlesTable))
#2 C:\xampp\htdocs\lab5\vendor\cakephp\cakephp\src\ORM\EagerLoader.php(337): Cake\ORM\EagerLoader->attachableAssociations(Object(App\Model\Table\ArticlesTable))
#3 C:\xampp\htdocs\lab5\vendor\cakephp\cakephp\src\ORM\Query.php(872): Cake\ORM\EagerLoader->attachAssociations(Object(Cake\ORM\Query), Object(App\Model\Table\ArticlesTable), true)
#4 C:\xampp\htdocs\lab5\vendor\cakephp\cakephp\src\ORM\Query.php(828): Cake\ORM\Query->_transformQuery()
#5 C:\xampp\htdocs\lab5\vendor\cakephp\cakephp\src\Database\Driver\Mysql.php(121): Cake\ORM\Query->sql()
#6 C:\xampp\htdocs\lab5\vendor\cakephp\cakephp\src\Database\Connection.php(216): Cake\Database\Driver\Mysql->prepare(Object(Cake\ORM\Query))
#7 C:\xampp\htdocs\lab5\vendor\cakephp\cakephp\src\Database\Connection.php(268): Cake\Database\Connection->prepare(Object(Cake\ORM\Query))
#8 C:\xampp\htdocs\lab5\vendor\cakephp\cakephp\src\Database\Query.php(174): Cake\Database\Connection->run(Object(Cake\ORM\Query))
#9 C:\xampp\htdocs\lab5\vendor\cakephp\cakephp\src\ORM\Query.php(847): Cake\Database\Query->execute()
#10 C:\xampp\htdocs\lab5\vendor\cakephp\cakephp\src\Datasource\QueryTrait.php(272): Cake\ORM\Query->_execute()
#11 C:\xampp\htdocs\lab5\vendor\cakephp\cakephp\src\ORM\Query.php(798): Cake\ORM\Query->_all()
#12 C:\xampp\htdocs\lab5\vendor\cakephp\cakephp\src\Controller\Component\PaginatorComponent.php(171): Cake\ORM\Query->all()
#13 C:\xampp\htdocs\lab5\vendor\cakephp\cakephp\src\Controller\Controller.php(688): Cake\Controller\Component\PaginatorComponent->paginate(Object(App\Model\Table\ArticlesTable), Array)
#14 C:\xampp\htdocs\lab5\src\Controller\ArticlesController.php(24): Cake\Controller\Controller->paginate(Object(App\Model\Table\ArticlesTable))
#15 [internal function]: App\Controller\ArticlesController->index()
#16 C:\xampp\htdocs\lab5\vendor\cakephp\cakephp\src\Controller\Controller.php(429): call_user_func_array(Array, Array)
#17 C:\xampp\htdocs\lab5\vendor\cakephp\cakephp\src\Routing\Dispatcher.php(114): Cake\Controller\Controller->invokeAction()
#18 C:\xampp\htdocs\lab5\vendor\cakephp\cakephp\src\Routing\Dispatcher.php(87): Cake\Routing\Dispatcher->_invoke(Object(App\Controller\ArticlesController))
#19 C:\xampp\htdocs\lab5\webroot\index.php(37): Cake\Routing\Dispatcher->dispatch(Object(Cake\Network\Request), Object(Cake\Network\Response))
#20 {main}


